<?xml version="1.0" encoding="UTF-8"?>
<robot generator="Robot 3.2.1 (Python 3.8.5 on win32)" generated="20200902 02:52:35.666" rpa="false">
<suite id="s1" name="Suites">
<suite id="s1-s1" name="A registerTestCases" source="C:\Users\AbdElAziz\PycharmProjects\POM_RobotFramework\tests\A_registerTestCases.robot">
<kw name="Run Keywords" library="BuiltIn" type="setup">
<doc>Executes all the given keywords in a sequence.</doc>
<arguments>
<arg>Navigate To Homepage</arg>
</arguments>
<kw name="Navigate To Homepage">
<kw name="Open Browser" library="SeleniumLibrary">
<doc>Opens a new browser instance to the optional ``url``.</doc>
<arguments>
<arg>${aut_Url}</arg>
<arg>${browser}</arg>
</arguments>
<msg timestamp="20200902 02:52:36.230" level="INFO">Opening browser 'chrome' to base url 'https://demo.nopcommerce.com/register?returnUrl=%2F'.</msg>
<status status="PASS" starttime="20200902 02:52:36.214" endtime="20200902 02:52:43.554"></status>
</kw>
<kw name="Maximize Browser Window" library="SeleniumLibrary">
<doc>Maximizes current browser window.</doc>
<status status="PASS" starttime="20200902 02:52:43.554" endtime="20200902 02:52:45.789"></status>
</kw>
<kw name="configure selenium general options" library="testBase">
<kw name="Set Selenium Implicit Wait" library="SeleniumLibrary">
<doc>Sets the implicit wait value used by Selenium.</doc>
<arguments>
<arg>${imp_wait}</arg>
</arguments>
<status status="PASS" starttime="20200902 02:52:45.791" endtime="20200902 02:52:45.793"></status>
</kw>
<kw name="Set Selenium Speed" library="SeleniumLibrary">
<doc>Sets the delay that is waited after each Selenium command.</doc>
<arguments>
<arg>${sele_speed}</arg>
</arguments>
<status status="PASS" starttime="20200902 02:52:45.794" endtime="20200902 02:52:45.794"></status>
</kw>
<status status="PASS" starttime="20200902 02:52:45.790" endtime="20200902 02:52:45.795"></status>
</kw>
<status status="PASS" starttime="20200902 02:52:36.214" endtime="20200902 02:52:45.795"></status>
</kw>
<status status="PASS" starttime="20200902 02:52:36.214" endtime="20200902 02:52:45.795"></status>
</kw>
<test id="s1-s1-t1" name="user enter invalid Register data Test Case">
<kw name="Generate Test Data for invalid Regiter">
<kw name="Generate Similar Data For the Form">
<kw name="generateRandomPersonName" library="genTestData">
<arguments>
<arg>7</arg>
</arguments>
<assign>
<var>${fName}</var>
</assign>
<kw name="Generate Random String" library="String">
<doc>Generates a string with a desired ``length`` from the given ``chars``.</doc>
<arguments>
<arg>1</arg>
<arg>[UPPER]</arg>
</arguments>
<assign>
<var>${a}</var>
</assign>
<msg timestamp="20200902 02:52:45.806" level="INFO">${a} = O</msg>
<status status="PASS" starttime="20200902 02:52:45.806" endtime="20200902 02:52:45.806"></status>
</kw>
<kw name="Generate Random String" library="String">
<doc>Generates a string with a desired ``length`` from the given ``chars``.</doc>
<arguments>
<arg>${numberOfLetters}</arg>
<arg>[LOWER]</arg>
</arguments>
<assign>
<var>${b}</var>
</assign>
<msg timestamp="20200902 02:52:45.807" level="INFO">${b} = dsbuulz</msg>
<status status="PASS" starttime="20200902 02:52:45.807" endtime="20200902 02:52:45.807"></status>
</kw>
<kw name="Set Variable" library="BuiltIn">
<doc>Returns the given values which can then be assigned to a variables.</doc>
<arguments>
<arg>${a}${b}</arg>
</arguments>
<assign>
<var>${name}</var>
</assign>
<msg timestamp="20200902 02:52:45.807" level="INFO">${name} = Odsbuulz</msg>
<status status="PASS" starttime="20200902 02:52:45.807" endtime="20200902 02:52:45.807"></status>
</kw>
<msg timestamp="20200902 02:52:45.807" level="INFO">${fName} = Odsbuulz</msg>
<status status="PASS" starttime="20200902 02:52:45.805" endtime="20200902 02:52:45.807"></status>
</kw>
<kw name="Set Global Variable" library="BuiltIn">
<doc>Makes a variable available globally in all tests and suites.</doc>
<arguments>
<arg>${fName}</arg>
</arguments>
<msg timestamp="20200902 02:52:45.807" level="INFO">${fName} = Odsbuulz</msg>
<status status="PASS" starttime="20200902 02:52:45.807" endtime="20200902 02:52:45.807"></status>
</kw>
<kw name="generateRandomPersonName" library="genTestData">
<arguments>
<arg>7</arg>
</arguments>
<assign>
<var>${lName}</var>
</assign>
<kw name="Generate Random String" library="String">
<doc>Generates a string with a desired ``length`` from the given ``chars``.</doc>
<arguments>
<arg>1</arg>
<arg>[UPPER]</arg>
</arguments>
<assign>
<var>${a}</var>
</assign>
<msg timestamp="20200902 02:52:45.807" level="INFO">${a} = B</msg>
<status status="PASS" starttime="20200902 02:52:45.807" endtime="20200902 02:52:45.807"></status>
</kw>
<kw name="Generate Random String" library="String">
<doc>Generates a string with a desired ``length`` from the given ``chars``.</doc>
<arguments>
<arg>${numberOfLetters}</arg>
<arg>[LOWER]</arg>
</arguments>
<assign>
<var>${b}</var>
</assign>
<msg timestamp="20200902 02:52:45.807" level="INFO">${b} = llotbyw</msg>
<status status="PASS" starttime="20200902 02:52:45.807" endtime="20200902 02:52:45.807"></status>
</kw>
<kw name="Set Variable" library="BuiltIn">
<doc>Returns the given values which can then be assigned to a variables.</doc>
<arguments>
<arg>${a}${b}</arg>
</arguments>
<assign>
<var>${name}</var>
</assign>
<msg timestamp="20200902 02:52:45.807" level="INFO">${name} = Bllotbyw</msg>
<status status="PASS" starttime="20200902 02:52:45.807" endtime="20200902 02:52:45.807"></status>
</kw>
<msg timestamp="20200902 02:52:45.807" level="INFO">${lName} = Bllotbyw</msg>
<status status="PASS" starttime="20200902 02:52:45.807" endtime="20200902 02:52:45.807"></status>
</kw>
<kw name="Set Global Variable" library="BuiltIn">
<doc>Makes a variable available globally in all tests and suites.</doc>
<arguments>
<arg>${lName}</arg>
</arguments>
<msg timestamp="20200902 02:52:45.807" level="INFO">${lName} = Bllotbyw</msg>
<status status="PASS" starttime="20200902 02:52:45.807" endtime="20200902 02:52:45.807"></status>
</kw>
<kw name="generateRandomEmail" library="genTestData">
<assign>
<var>${email}</var>
</assign>
<kw name="Generate Random String" library="String">
<doc>Generates a string with a desired ``length`` from the given ``chars``.</doc>
<arguments>
<arg>5</arg>
<arg>[LOWER]</arg>
</arguments>
<assign>
<var>${a}</var>
</assign>
<msg timestamp="20200902 02:52:45.807" level="INFO">${a} = fswmu</msg>
<status status="PASS" starttime="20200902 02:52:45.807" endtime="20200902 02:52:45.807"></status>
</kw>
<kw name="Set Variable" library="BuiltIn">
<doc>Returns the given values which can then be assigned to a variables.</doc>
<arguments>
<arg>.</arg>
</arguments>
<assign>
<var>${b}</var>
</assign>
<msg timestamp="20200902 02:52:45.807" level="INFO">${b} = .</msg>
<status status="PASS" starttime="20200902 02:52:45.807" endtime="20200902 02:52:45.807"></status>
</kw>
<kw name="Generate Random String" library="String">
<doc>Generates a string with a desired ``length`` from the given ``chars``.</doc>
<arguments>
<arg>5</arg>
<arg>[LOWER]</arg>
</arguments>
<assign>
<var>${c}</var>
</assign>
<msg timestamp="20200902 02:52:45.807" level="INFO">${c} = bxwkn</msg>
<status status="PASS" starttime="20200902 02:52:45.807" endtime="20200902 02:52:45.807"></status>
</kw>
<kw name="Generate Random String" library="String">
<doc>Generates a string with a desired ``length`` from the given ``chars``.</doc>
<arguments>
<arg>2</arg>
<arg>[NUMBERS]</arg>
</arguments>
<assign>
<var>${d}</var>
</assign>
<msg timestamp="20200902 02:52:45.823" level="INFO">${d} = 76</msg>
<status status="PASS" starttime="20200902 02:52:45.807" endtime="20200902 02:52:45.823"></status>
</kw>
<kw name="Set Variable" library="BuiltIn">
<doc>Returns the given values which can then be assigned to a variables.</doc>
<arguments>
<arg>@testDomain.ext</arg>
</arguments>
<assign>
<var>${e}</var>
</assign>
<msg timestamp="20200902 02:52:45.823" level="INFO">${e} = @testDomain.ext</msg>
<status status="PASS" starttime="20200902 02:52:45.823" endtime="20200902 02:52:45.823"></status>
</kw>
<kw name="Set Variable" library="BuiltIn">
<doc>Returns the given values which can then be assigned to a variables.</doc>
<arguments>
<arg>${a}${b}${c}${d}${e}</arg>
</arguments>
<assign>
<var>${email}</var>
</assign>
<msg timestamp="20200902 02:52:45.823" level="INFO">${email} = fswmu.bxwkn76@testDomain.ext</msg>
<status status="PASS" starttime="20200902 02:52:45.823" endtime="20200902 02:52:45.823"></status>
</kw>
<msg timestamp="20200902 02:52:45.823" level="INFO">${email} = fswmu.bxwkn76@testDomain.ext</msg>
<status status="PASS" starttime="20200902 02:52:45.807" endtime="20200902 02:52:45.823"></status>
</kw>
<kw name="Set Global Variable" library="BuiltIn">
<doc>Makes a variable available globally in all tests and suites.</doc>
<arguments>
<arg>${email}</arg>
</arguments>
<msg timestamp="20200902 02:52:45.823" level="INFO">${email} = fswmu.bxwkn76@testDomain.ext</msg>
<status status="PASS" starttime="20200902 02:52:45.823" endtime="20200902 02:52:45.823"></status>
</kw>
<kw name="generateRandomPassword" library="genTestData">
<assign>
<var>${password}</var>
</assign>
<kw name="Generate Random String" library="String">
<doc>Generates a string with a desired ``length`` from the given ``chars``.</doc>
<arguments>
<arg>2</arg>
<arg>[UPPER]</arg>
</arguments>
<assign>
<var>${a}</var>
</assign>
<msg timestamp="20200902 02:52:45.823" level="INFO">${a} = II</msg>
<status status="PASS" starttime="20200902 02:52:45.823" endtime="20200902 02:52:45.823"></status>
</kw>
<kw name="Generate Random String" library="String">
<doc>Generates a string with a desired ``length`` from the given ``chars``.</doc>
<arguments>
<arg>3</arg>
<arg>[LOWER]</arg>
</arguments>
<assign>
<var>${b}</var>
</assign>
<msg timestamp="20200902 02:52:45.838" level="INFO">${b} = hwf</msg>
<status status="PASS" starttime="20200902 02:52:45.823" endtime="20200902 02:52:45.838"></status>
</kw>
<kw name="Generate Random String" library="String">
<doc>Generates a string with a desired ``length`` from the given ``chars``.</doc>
<arguments>
<arg>3</arg>
<arg>[NUMBERS]</arg>
</arguments>
<assign>
<var>${c}</var>
</assign>
<msg timestamp="20200902 02:52:45.838" level="INFO">${c} = 208</msg>
<status status="PASS" starttime="20200902 02:52:45.838" endtime="20200902 02:52:45.838"></status>
</kw>
<kw name="Set Variable" library="BuiltIn">
<doc>Returns the given values which can then be assigned to a variables.</doc>
<arguments>
<arg>${a}${b}${c}</arg>
</arguments>
<assign>
<var>${password}</var>
</assign>
<msg timestamp="20200902 02:52:45.838" level="INFO">${password} = IIhwf208</msg>
<status status="PASS" starttime="20200902 02:52:45.838" endtime="20200902 02:52:45.838"></status>
</kw>
<msg timestamp="20200902 02:52:45.838" level="INFO">${password} = IIhwf208</msg>
<status status="PASS" starttime="20200902 02:52:45.823" endtime="20200902 02:52:45.838"></status>
</kw>
<kw name="Set Global Variable" library="BuiltIn">
<doc>Makes a variable available globally in all tests and suites.</doc>
<arguments>
<arg>${password}</arg>
</arguments>
<msg timestamp="20200902 02:52:45.838" level="INFO">${password} = IIhwf208</msg>
<status status="PASS" starttime="20200902 02:52:45.838" endtime="20200902 02:52:45.838"></status>
</kw>
<status status="PASS" starttime="20200902 02:52:45.804" endtime="20200902 02:52:45.838"></status>
</kw>
<kw name="generateRandomPassword" library="genTestData">
<assign>
<var>${confirmPassword}</var>
</assign>
<kw name="Generate Random String" library="String">
<doc>Generates a string with a desired ``length`` from the given ``chars``.</doc>
<arguments>
<arg>2</arg>
<arg>[UPPER]</arg>
</arguments>
<assign>
<var>${a}</var>
</assign>
<msg timestamp="20200902 02:52:45.838" level="INFO">${a} = NQ</msg>
<status status="PASS" starttime="20200902 02:52:45.838" endtime="20200902 02:52:45.838"></status>
</kw>
<kw name="Generate Random String" library="String">
<doc>Generates a string with a desired ``length`` from the given ``chars``.</doc>
<arguments>
<arg>3</arg>
<arg>[LOWER]</arg>
</arguments>
<assign>
<var>${b}</var>
</assign>
<msg timestamp="20200902 02:52:45.838" level="INFO">${b} = rnb</msg>
<status status="PASS" starttime="20200902 02:52:45.838" endtime="20200902 02:52:45.838"></status>
</kw>
<kw name="Generate Random String" library="String">
<doc>Generates a string with a desired ``length`` from the given ``chars``.</doc>
<arguments>
<arg>3</arg>
<arg>[NUMBERS]</arg>
</arguments>
<assign>
<var>${c}</var>
</assign>
<msg timestamp="20200902 02:52:45.854" level="INFO">${c} = 768</msg>
<status status="PASS" starttime="20200902 02:52:45.838" endtime="20200902 02:52:45.854"></status>
</kw>
<kw name="Set Variable" library="BuiltIn">
<doc>Returns the given values which can then be assigned to a variables.</doc>
<arguments>
<arg>${a}${b}${c}</arg>
</arguments>
<assign>
<var>${password}</var>
</assign>
<msg timestamp="20200902 02:52:45.854" level="INFO">${password} = NQrnb768</msg>
<status status="PASS" starttime="20200902 02:52:45.854" endtime="20200902 02:52:45.854"></status>
</kw>
<msg timestamp="20200902 02:52:45.854" level="INFO">${confirmPassword} = NQrnb768</msg>
<status status="PASS" starttime="20200902 02:52:45.838" endtime="20200902 02:52:45.854"></status>
</kw>
<kw name="Set Global Variable" library="BuiltIn">
<doc>Makes a variable available globally in all tests and suites.</doc>
<arguments>
<arg>${confirmPassword}</arg>
</arguments>
<msg timestamp="20200902 02:52:45.854" level="INFO">${confirmPassword} = NQrnb768</msg>
<status status="PASS" starttime="20200902 02:52:45.854" endtime="20200902 02:52:45.854"></status>
</kw>
<status status="PASS" starttime="20200902 02:52:45.797" endtime="20200902 02:52:45.854"></status>
</kw>
<kw name="Invalid Register Test Case" library="registerKeywords">
<arguments>
<arg>${fName}</arg>
<arg>${lName}</arg>
<arg>${email}</arg>
<arg>${password}</arg>
<arg>${confirmPassword}</arg>
</arguments>
<kw name="Click Male Radion Button" library="registerKeywords">
<kw name="Scroll Element Into View" library="SeleniumLibrary">
<doc>Scrolls the element identified by ``locator`` into view.</doc>
<arguments>
<arg>${reg_maleRadBtn}</arg>
</arguments>
<status status="PASS" starttime="20200902 02:52:45.854" endtime="20200902 02:52:46.293"></status>
</kw>
<kw name="Wait Until Element Is Visible" library="SeleniumLibrary">
<doc>Waits until the element ``locator`` is visible.</doc>
<arguments>
<arg>${reg_maleRadBtn}</arg>
</arguments>
<status status="PASS" starttime="20200902 02:52:46.293" endtime="20200902 02:52:46.446"></status>
</kw>
<kw name="Click Element" library="SeleniumLibrary">
<doc>Click the element identified by ``locator``.</doc>
<arguments>
<arg>${reg_maleRadBtn}</arg>
</arguments>
<msg timestamp="20200902 02:52:46.446" level="INFO">Clicking element 'xpath://input[@id='gender-male']'.</msg>
<status status="PASS" starttime="20200902 02:52:46.446" endtime="20200902 02:52:46.681"></status>
</kw>
<status status="PASS" starttime="20200902 02:52:45.854" endtime="20200902 02:52:46.681"></status>
</kw>
<kw name="Enter User First Name" library="registerKeywords">
<arguments>
<arg>${fName}</arg>
</arguments>
<kw name="Scroll Element Into View" library="SeleniumLibrary">
<doc>Scrolls the element identified by ``locator`` into view.</doc>
<arguments>
<arg>${reg_fNameBox}</arg>
</arguments>
<status status="PASS" starttime="20200902 02:52:46.681" endtime="20200902 02:52:47.132"></status>
</kw>
<kw name="Wait Until Element Is Visible" library="SeleniumLibrary">
<doc>Waits until the element ``locator`` is visible.</doc>
<arguments>
<arg>${reg_fNameBox}</arg>
</arguments>
<status status="PASS" starttime="20200902 02:52:47.132" endtime="20200902 02:52:47.295"></status>
</kw>
<kw name="Input Text" library="SeleniumLibrary">
<doc>Types the given ``text`` into the text field identified by ``locator``.</doc>
<arguments>
<arg>${reg_fNameBox}</arg>
<arg>${fName}</arg>
</arguments>
<msg timestamp="20200902 02:52:47.295" level="INFO">Typing text 'Odsbuulz' into text field 'xpath://input[@id='FirstName']'.</msg>
<status status="PASS" starttime="20200902 02:52:47.295" endtime="20200902 02:52:47.650"></status>
</kw>
<status status="PASS" starttime="20200902 02:52:46.681" endtime="20200902 02:52:47.650"></status>
</kw>
<kw name="Enter User Last Name" library="registerKeywords">
<arguments>
<arg>${lName}</arg>
</arguments>
<kw name="Scroll Element Into View" library="SeleniumLibrary">
<doc>Scrolls the element identified by ``locator`` into view.</doc>
<arguments>
<arg>${reg_lNameBox}</arg>
</arguments>
<status status="PASS" starttime="20200902 02:52:47.650" endtime="20200902 02:52:48.034"></status>
</kw>
<kw name="Wait Until Element Is Visible" library="SeleniumLibrary">
<doc>Waits until the element ``locator`` is visible.</doc>
<arguments>
<arg>${reg_lNameBox}</arg>
</arguments>
<status status="PASS" starttime="20200902 02:52:48.034" endtime="20200902 02:52:48.166"></status>
</kw>
<kw name="Input Text" library="SeleniumLibrary">
<doc>Types the given ``text`` into the text field identified by ``locator``.</doc>
<arguments>
<arg>${reg_lNameBox}</arg>
<arg>${lName}</arg>
</arguments>
<msg timestamp="20200902 02:52:48.166" level="INFO">Typing text 'Bllotbyw' into text field 'xpath://input[@id='LastName']'.</msg>
<status status="PASS" starttime="20200902 02:52:48.166" endtime="20200902 02:52:48.462"></status>
</kw>
<status status="PASS" starttime="20200902 02:52:47.650" endtime="20200902 02:52:48.462"></status>
</kw>
<kw name="Enter User Email" library="registerKeywords">
<arguments>
<arg>${email}</arg>
</arguments>
<kw name="Scroll Element Into View" library="SeleniumLibrary">
<doc>Scrolls the element identified by ``locator`` into view.</doc>
<arguments>
<arg>${reg_emailBox}</arg>
</arguments>
<status status="PASS" starttime="20200902 02:52:48.462" endtime="20200902 02:52:48.866"></status>
</kw>
<kw name="Wait Until Element Is Visible" library="SeleniumLibrary">
<doc>Waits until the element ``locator`` is visible.</doc>
<arguments>
<arg>${reg_emailBox}</arg>
</arguments>
<status status="PASS" starttime="20200902 02:52:48.866" endtime="20200902 02:52:49.010"></status>
</kw>
<kw name="Input Text" library="SeleniumLibrary">
<doc>Types the given ``text`` into the text field identified by ``locator``.</doc>
<arguments>
<arg>${reg_emailBox}</arg>
<arg>${email}</arg>
</arguments>
<msg timestamp="20200902 02:52:49.010" level="INFO">Typing text 'fswmu.bxwkn76@testDomain.ext' into text field 'xpath://input[@id='Email']'.</msg>
<status status="PASS" starttime="20200902 02:52:49.010" endtime="20200902 02:52:49.338"></status>
</kw>
<status status="PASS" starttime="20200902 02:52:48.462" endtime="20200902 02:52:49.338"></status>
</kw>
<kw name="Enter User Password" library="registerKeywords">
<arguments>
<arg>${password}</arg>
</arguments>
<kw name="Scroll Element Into View" library="SeleniumLibrary">
<doc>Scrolls the element identified by ``locator`` into view.</doc>
<arguments>
<arg>${reg_passwordBox}</arg>
</arguments>
<status status="PASS" starttime="20200902 02:52:49.338" endtime="20200902 02:52:49.737"></status>
</kw>
<kw name="Wait Until Element Is Visible" library="SeleniumLibrary">
<doc>Waits until the element ``locator`` is visible.</doc>
<arguments>
<arg>${reg_passwordBox}</arg>
</arguments>
<status status="PASS" starttime="20200902 02:52:49.737" endtime="20200902 02:52:49.869"></status>
</kw>
<kw name="Input Text" library="SeleniumLibrary">
<doc>Types the given ``text`` into the text field identified by ``locator``.</doc>
<arguments>
<arg>${reg_passwordBox}</arg>
<arg>${password}</arg>
</arguments>
<msg timestamp="20200902 02:52:49.869" level="INFO">Typing text 'IIhwf208' into text field 'xpath://input[@id='Password']'.</msg>
<status status="PASS" starttime="20200902 02:52:49.869" endtime="20200902 02:52:50.182"></status>
</kw>
<status status="PASS" starttime="20200902 02:52:49.338" endtime="20200902 02:52:50.182"></status>
</kw>
<kw name="Confirm User Password" library="registerKeywords">
<arguments>
<arg>${confirmPassword}</arg>
</arguments>
<kw name="Scroll Element Into View" library="SeleniumLibrary">
<doc>Scrolls the element identified by ``locator`` into view.</doc>
<arguments>
<arg>${reg_confirmPasswordBox}</arg>
</arguments>
<status status="PASS" starttime="20200902 02:52:50.182" endtime="20200902 02:52:50.601"></status>
</kw>
<kw name="Wait Until Element Is Visible" library="SeleniumLibrary">
<doc>Waits until the element ``locator`` is visible.</doc>
<arguments>
<arg>${reg_confirmPasswordBox}</arg>
</arguments>
<status status="PASS" starttime="20200902 02:52:50.601" endtime="20200902 02:52:50.739"></status>
</kw>
<kw name="Input Text" library="SeleniumLibrary">
<doc>Types the given ``text`` into the text field identified by ``locator``.</doc>
<arguments>
<arg>${reg_confirmPasswordBox}</arg>
<arg>${confirmPassword}</arg>
</arguments>
<msg timestamp="20200902 02:52:50.739" level="INFO">Typing text 'NQrnb768' into text field 'xpath://input[@id='ConfirmPassword']'.</msg>
<status status="PASS" starttime="20200902 02:52:50.739" endtime="20200902 02:52:51.040"></status>
</kw>
<status status="PASS" starttime="20200902 02:52:50.182" endtime="20200902 02:52:51.040"></status>
</kw>
<kw name="Click Register Button" library="registerKeywords">
<kw name="Scroll Element Into View" library="SeleniumLibrary">
<doc>Scrolls the element identified by ``locator`` into view.</doc>
<arguments>
<arg>${reg_regBtn}</arg>
</arguments>
<status status="PASS" starttime="20200902 02:52:51.040" endtime="20200902 02:52:51.440"></status>
</kw>
<kw name="Wait Until Element Is Visible" library="SeleniumLibrary">
<doc>Waits until the element ``locator`` is visible.</doc>
<arguments>
<arg>${reg_regBtn}</arg>
</arguments>
<status status="PASS" starttime="20200902 02:52:51.440" endtime="20200902 02:52:51.572"></status>
</kw>
<kw name="Click Element" library="SeleniumLibrary">
<doc>Click the element identified by ``locator``.</doc>
<arguments>
<arg>${reg_regBtn}</arg>
</arguments>
<msg timestamp="20200902 02:52:51.572" level="INFO">Clicking element 'xpath://input[@id='register-button']'.</msg>
<status status="PASS" starttime="20200902 02:52:51.572" endtime="20200902 02:52:51.760"></status>
</kw>
<status status="PASS" starttime="20200902 02:52:51.040" endtime="20200902 02:52:51.760"></status>
</kw>
<kw name="Verify Unsucessful Registeration unmatched passwords" library="registerKeywords">
<kw name="Wait Until Element Is Visible" library="SeleniumLibrary">
<doc>Waits until the element ``locator`` is visible.</doc>
<arguments>
<arg>${reg_unmatchingPasswords}</arg>
</arguments>
<status status="PASS" starttime="20200902 02:52:51.760" endtime="20200902 02:52:51.889"></status>
</kw>
<kw name="Page Should Contain Element" library="SeleniumLibrary">
<doc>Verifies that element ``locator`` is found on the current page.</doc>
<arguments>
<arg>${reg_unmatchingPasswords}</arg>
</arguments>
<msg timestamp="20200902 02:52:51.942" level="INFO">Current page contains element 'xpath://span[@id='ConfirmPassword-error']'.</msg>
<status status="PASS" starttime="20200902 02:52:51.889" endtime="20200902 02:52:51.942"></status>
</kw>
<status status="PASS" starttime="20200902 02:52:51.760" endtime="20200902 02:52:51.942"></status>
</kw>
<status status="PASS" starttime="20200902 02:52:45.854" endtime="20200902 02:52:51.942"></status>
</kw>
<status status="PASS" starttime="20200902 02:52:45.795" endtime="20200902 02:52:51.942" critical="yes"></status>
</test>
<test id="s1-s1-t2" name="user enter valid Register data Test Case">
<kw name="Generate Test Data for valid Regiter">
<kw name="Generate Similar Data For the Form">
<kw name="generateRandomPersonName" library="genTestData">
<arguments>
<arg>7</arg>
</arguments>
<assign>
<var>${fName}</var>
</assign>
<kw name="Generate Random String" library="String">
<doc>Generates a string with a desired ``length`` from the given ``chars``.</doc>
<arguments>
<arg>1</arg>
<arg>[UPPER]</arg>
</arguments>
<assign>
<var>${a}</var>
</assign>
<msg timestamp="20200902 02:52:51.942" level="INFO">${a} = U</msg>
<status status="PASS" starttime="20200902 02:52:51.942" endtime="20200902 02:52:51.942"></status>
</kw>
<kw name="Generate Random String" library="String">
<doc>Generates a string with a desired ``length`` from the given ``chars``.</doc>
<arguments>
<arg>${numberOfLetters}</arg>
<arg>[LOWER]</arg>
</arguments>
<assign>
<var>${b}</var>
</assign>
<msg timestamp="20200902 02:52:51.942" level="INFO">${b} = rwsvckg</msg>
<status status="PASS" starttime="20200902 02:52:51.942" endtime="20200902 02:52:51.942"></status>
</kw>
<kw name="Set Variable" library="BuiltIn">
<doc>Returns the given values which can then be assigned to a variables.</doc>
<arguments>
<arg>${a}${b}</arg>
</arguments>
<assign>
<var>${name}</var>
</assign>
<msg timestamp="20200902 02:52:51.942" level="INFO">${name} = Urwsvckg</msg>
<status status="PASS" starttime="20200902 02:52:51.942" endtime="20200902 02:52:51.942"></status>
</kw>
<msg timestamp="20200902 02:52:51.942" level="INFO">${fName} = Urwsvckg</msg>
<status status="PASS" starttime="20200902 02:52:51.942" endtime="20200902 02:52:51.942"></status>
</kw>
<kw name="Set Global Variable" library="BuiltIn">
<doc>Makes a variable available globally in all tests and suites.</doc>
<arguments>
<arg>${fName}</arg>
</arguments>
<msg timestamp="20200902 02:52:51.942" level="INFO">${fName} = Urwsvckg</msg>
<status status="PASS" starttime="20200902 02:52:51.942" endtime="20200902 02:52:51.942"></status>
</kw>
<kw name="generateRandomPersonName" library="genTestData">
<arguments>
<arg>7</arg>
</arguments>
<assign>
<var>${lName}</var>
</assign>
<kw name="Generate Random String" library="String">
<doc>Generates a string with a desired ``length`` from the given ``chars``.</doc>
<arguments>
<arg>1</arg>
<arg>[UPPER]</arg>
</arguments>
<assign>
<var>${a}</var>
</assign>
<msg timestamp="20200902 02:52:51.942" level="INFO">${a} = O</msg>
<status status="PASS" starttime="20200902 02:52:51.942" endtime="20200902 02:52:51.942"></status>
</kw>
<kw name="Generate Random String" library="String">
<doc>Generates a string with a desired ``length`` from the given ``chars``.</doc>
<arguments>
<arg>${numberOfLetters}</arg>
<arg>[LOWER]</arg>
</arguments>
<assign>
<var>${b}</var>
</assign>
<msg timestamp="20200902 02:52:51.942" level="INFO">${b} = iswjmah</msg>
<status status="PASS" starttime="20200902 02:52:51.942" endtime="20200902 02:52:51.942"></status>
</kw>
<kw name="Set Variable" library="BuiltIn">
<doc>Returns the given values which can then be assigned to a variables.</doc>
<arguments>
<arg>${a}${b}</arg>
</arguments>
<assign>
<var>${name}</var>
</assign>
<msg timestamp="20200902 02:52:51.942" level="INFO">${name} = Oiswjmah</msg>
<status status="PASS" starttime="20200902 02:52:51.942" endtime="20200902 02:52:51.942"></status>
</kw>
<msg timestamp="20200902 02:52:51.942" level="INFO">${lName} = Oiswjmah</msg>
<status status="PASS" starttime="20200902 02:52:51.942" endtime="20200902 02:52:51.942"></status>
</kw>
<kw name="Set Global Variable" library="BuiltIn">
<doc>Makes a variable available globally in all tests and suites.</doc>
<arguments>
<arg>${lName}</arg>
</arguments>
<msg timestamp="20200902 02:52:51.942" level="INFO">${lName} = Oiswjmah</msg>
<status status="PASS" starttime="20200902 02:52:51.942" endtime="20200902 02:52:51.942"></status>
</kw>
<kw name="generateRandomEmail" library="genTestData">
<assign>
<var>${email}</var>
</assign>
<kw name="Generate Random String" library="String">
<doc>Generates a string with a desired ``length`` from the given ``chars``.</doc>
<arguments>
<arg>5</arg>
<arg>[LOWER]</arg>
</arguments>
<assign>
<var>${a}</var>
</assign>
<msg timestamp="20200902 02:52:51.942" level="INFO">${a} = edbwh</msg>
<status status="PASS" starttime="20200902 02:52:51.942" endtime="20200902 02:52:51.942"></status>
</kw>
<kw name="Set Variable" library="BuiltIn">
<doc>Returns the given values which can then be assigned to a variables.</doc>
<arguments>
<arg>.</arg>
</arguments>
<assign>
<var>${b}</var>
</assign>
<msg timestamp="20200902 02:52:51.942" level="INFO">${b} = .</msg>
<status status="PASS" starttime="20200902 02:52:51.942" endtime="20200902 02:52:51.942"></status>
</kw>
<kw name="Generate Random String" library="String">
<doc>Generates a string with a desired ``length`` from the given ``chars``.</doc>
<arguments>
<arg>5</arg>
<arg>[LOWER]</arg>
</arguments>
<assign>
<var>${c}</var>
</assign>
<msg timestamp="20200902 02:52:51.942" level="INFO">${c} = jogss</msg>
<status status="PASS" starttime="20200902 02:52:51.942" endtime="20200902 02:52:51.942"></status>
</kw>
<kw name="Generate Random String" library="String">
<doc>Generates a string with a desired ``length`` from the given ``chars``.</doc>
<arguments>
<arg>2</arg>
<arg>[NUMBERS]</arg>
</arguments>
<assign>
<var>${d}</var>
</assign>
<msg timestamp="20200902 02:52:51.942" level="INFO">${d} = 20</msg>
<status status="PASS" starttime="20200902 02:52:51.942" endtime="20200902 02:52:51.942"></status>
</kw>
<kw name="Set Variable" library="BuiltIn">
<doc>Returns the given values which can then be assigned to a variables.</doc>
<arguments>
<arg>@testDomain.ext</arg>
</arguments>
<assign>
<var>${e}</var>
</assign>
<msg timestamp="20200902 02:52:51.942" level="INFO">${e} = @testDomain.ext</msg>
<status status="PASS" starttime="20200902 02:52:51.942" endtime="20200902 02:52:51.942"></status>
</kw>
<kw name="Set Variable" library="BuiltIn">
<doc>Returns the given values which can then be assigned to a variables.</doc>
<arguments>
<arg>${a}${b}${c}${d}${e}</arg>
</arguments>
<assign>
<var>${email}</var>
</assign>
<msg timestamp="20200902 02:52:51.942" level="INFO">${email} = edbwh.jogss20@testDomain.ext</msg>
<status status="PASS" starttime="20200902 02:52:51.942" endtime="20200902 02:52:51.942"></status>
</kw>
<msg timestamp="20200902 02:52:51.942" level="INFO">${email} = edbwh.jogss20@testDomain.ext</msg>
<status status="PASS" starttime="20200902 02:52:51.942" endtime="20200902 02:52:51.942"></status>
</kw>
<kw name="Set Global Variable" library="BuiltIn">
<doc>Makes a variable available globally in all tests and suites.</doc>
<arguments>
<arg>${email}</arg>
</arguments>
<msg timestamp="20200902 02:52:51.942" level="INFO">${email} = edbwh.jogss20@testDomain.ext</msg>
<status status="PASS" starttime="20200902 02:52:51.942" endtime="20200902 02:52:51.942"></status>
</kw>
<kw name="generateRandomPassword" library="genTestData">
<assign>
<var>${password}</var>
</assign>
<kw name="Generate Random String" library="String">
<doc>Generates a string with a desired ``length`` from the given ``chars``.</doc>
<arguments>
<arg>2</arg>
<arg>[UPPER]</arg>
</arguments>
<assign>
<var>${a}</var>
</assign>
<msg timestamp="20200902 02:52:51.958" level="INFO">${a} = XD</msg>
<status status="PASS" starttime="20200902 02:52:51.958" endtime="20200902 02:52:51.958"></status>
</kw>
<kw name="Generate Random String" library="String">
<doc>Generates a string with a desired ``length`` from the given ``chars``.</doc>
<arguments>
<arg>3</arg>
<arg>[LOWER]</arg>
</arguments>
<assign>
<var>${b}</var>
</assign>
<msg timestamp="20200902 02:52:51.958" level="INFO">${b} = gqx</msg>
<status status="PASS" starttime="20200902 02:52:51.958" endtime="20200902 02:52:51.958"></status>
</kw>
<kw name="Generate Random String" library="String">
<doc>Generates a string with a desired ``length`` from the given ``chars``.</doc>
<arguments>
<arg>3</arg>
<arg>[NUMBERS]</arg>
</arguments>
<assign>
<var>${c}</var>
</assign>
<msg timestamp="20200902 02:52:51.958" level="INFO">${c} = 808</msg>
<status status="PASS" starttime="20200902 02:52:51.958" endtime="20200902 02:52:51.958"></status>
</kw>
<kw name="Set Variable" library="BuiltIn">
<doc>Returns the given values which can then be assigned to a variables.</doc>
<arguments>
<arg>${a}${b}${c}</arg>
</arguments>
<assign>
<var>${password}</var>
</assign>
<msg timestamp="20200902 02:52:51.958" level="INFO">${password} = XDgqx808</msg>
<status status="PASS" starttime="20200902 02:52:51.958" endtime="20200902 02:52:51.958"></status>
</kw>
<msg timestamp="20200902 02:52:51.958" level="INFO">${password} = XDgqx808</msg>
<status status="PASS" starttime="20200902 02:52:51.942" endtime="20200902 02:52:51.958"></status>
</kw>
<kw name="Set Global Variable" library="BuiltIn">
<doc>Makes a variable available globally in all tests and suites.</doc>
<arguments>
<arg>${password}</arg>
</arguments>
<msg timestamp="20200902 02:52:51.958" level="INFO">${password} = XDgqx808</msg>
<status status="PASS" starttime="20200902 02:52:51.958" endtime="20200902 02:52:51.958"></status>
</kw>
<status status="PASS" starttime="20200902 02:52:51.942" endtime="20200902 02:52:51.958"></status>
</kw>
<status status="PASS" starttime="20200902 02:52:51.942" endtime="20200902 02:52:51.958"></status>
</kw>
<kw name="valid Register Test Case" library="registerKeywords">
<arguments>
<arg>${fName}</arg>
<arg>${lName}</arg>
<arg>${email}</arg>
<arg>${password}</arg>
</arguments>
<kw name="Click Male Radion Button" library="registerKeywords">
<kw name="Scroll Element Into View" library="SeleniumLibrary">
<doc>Scrolls the element identified by ``locator`` into view.</doc>
<arguments>
<arg>${reg_maleRadBtn}</arg>
</arguments>
<status status="PASS" starttime="20200902 02:52:51.958" endtime="20200902 02:52:52.359"></status>
</kw>
<kw name="Wait Until Element Is Visible" library="SeleniumLibrary">
<doc>Waits until the element ``locator`` is visible.</doc>
<arguments>
<arg>${reg_maleRadBtn}</arg>
</arguments>
<status status="PASS" starttime="20200902 02:52:52.359" endtime="20200902 02:52:52.490"></status>
</kw>
<kw name="Click Element" library="SeleniumLibrary">
<doc>Click the element identified by ``locator``.</doc>
<arguments>
<arg>${reg_maleRadBtn}</arg>
</arguments>
<msg timestamp="20200902 02:52:52.490" level="INFO">Clicking element 'xpath://input[@id='gender-male']'.</msg>
<status status="PASS" starttime="20200902 02:52:52.490" endtime="20200902 02:52:52.628"></status>
</kw>
<status status="PASS" starttime="20200902 02:52:51.958" endtime="20200902 02:52:52.628"></status>
</kw>
<kw name="Enter User First Name" library="registerKeywords">
<arguments>
<arg>${fName}</arg>
</arguments>
<kw name="Scroll Element Into View" library="SeleniumLibrary">
<doc>Scrolls the element identified by ``locator`` into view.</doc>
<arguments>
<arg>${reg_fNameBox}</arg>
</arguments>
<status status="PASS" starttime="20200902 02:52:52.628" endtime="20200902 02:52:53.022"></status>
</kw>
<kw name="Wait Until Element Is Visible" library="SeleniumLibrary">
<doc>Waits until the element ``locator`` is visible.</doc>
<arguments>
<arg>${reg_fNameBox}</arg>
</arguments>
<status status="PASS" starttime="20200902 02:52:53.022" endtime="20200902 02:52:53.192"></status>
</kw>
<kw name="Input Text" library="SeleniumLibrary">
<doc>Types the given ``text`` into the text field identified by ``locator``.</doc>
<arguments>
<arg>${reg_fNameBox}</arg>
<arg>${fName}</arg>
</arguments>
<msg timestamp="20200902 02:52:53.192" level="INFO">Typing text 'Urwsvckg' into text field 'xpath://input[@id='FirstName']'.</msg>
<status status="PASS" starttime="20200902 02:52:53.192" endtime="20200902 02:52:53.572"></status>
</kw>
<status status="PASS" starttime="20200902 02:52:52.628" endtime="20200902 02:52:53.572"></status>
</kw>
<kw name="Enter User Last Name" library="registerKeywords">
<arguments>
<arg>${lName}</arg>
</arguments>
<kw name="Scroll Element Into View" library="SeleniumLibrary">
<doc>Scrolls the element identified by ``locator`` into view.</doc>
<arguments>
<arg>${reg_lNameBox}</arg>
</arguments>
<status status="PASS" starttime="20200902 02:52:53.572" endtime="20200902 02:52:53.978"></status>
</kw>
<kw name="Wait Until Element Is Visible" library="SeleniumLibrary">
<doc>Waits until the element ``locator`` is visible.</doc>
<arguments>
<arg>${reg_lNameBox}</arg>
</arguments>
<status status="PASS" starttime="20200902 02:52:53.978" endtime="20200902 02:52:54.147"></status>
</kw>
<kw name="Input Text" library="SeleniumLibrary">
<doc>Types the given ``text`` into the text field identified by ``locator``.</doc>
<arguments>
<arg>${reg_lNameBox}</arg>
<arg>${lName}</arg>
</arguments>
<msg timestamp="20200902 02:52:54.147" level="INFO">Typing text 'Oiswjmah' into text field 'xpath://input[@id='LastName']'.</msg>
<status status="PASS" starttime="20200902 02:52:54.147" endtime="20200902 02:52:54.573"></status>
</kw>
<status status="PASS" starttime="20200902 02:52:53.572" endtime="20200902 02:52:54.573"></status>
</kw>
<kw name="Enter User Email" library="registerKeywords">
<arguments>
<arg>${email}</arg>
</arguments>
<kw name="Scroll Element Into View" library="SeleniumLibrary">
<doc>Scrolls the element identified by ``locator`` into view.</doc>
<arguments>
<arg>${reg_emailBox}</arg>
</arguments>
<status status="PASS" starttime="20200902 02:52:54.573" endtime="20200902 02:52:54.980"></status>
</kw>
<kw name="Wait Until Element Is Visible" library="SeleniumLibrary">
<doc>Waits until the element ``locator`` is visible.</doc>
<arguments>
<arg>${reg_emailBox}</arg>
</arguments>
<status status="PASS" starttime="20200902 02:52:54.980" endtime="20200902 02:52:55.134"></status>
</kw>
<kw name="Input Text" library="SeleniumLibrary">
<doc>Types the given ``text`` into the text field identified by ``locator``.</doc>
<arguments>
<arg>${reg_emailBox}</arg>
<arg>${email}</arg>
</arguments>
<msg timestamp="20200902 02:52:55.134" level="INFO">Typing text 'edbwh.jogss20@testDomain.ext' into text field 'xpath://input[@id='Email']'.</msg>
<status status="PASS" starttime="20200902 02:52:55.134" endtime="20200902 02:52:55.603"></status>
</kw>
<status status="PASS" starttime="20200902 02:52:54.573" endtime="20200902 02:52:55.603"></status>
</kw>
<kw name="Enter User Password" library="registerKeywords">
<arguments>
<arg>${password}</arg>
</arguments>
<kw name="Scroll Element Into View" library="SeleniumLibrary">
<doc>Scrolls the element identified by ``locator`` into view.</doc>
<arguments>
<arg>${reg_passwordBox}</arg>
</arguments>
<status status="PASS" starttime="20200902 02:52:55.603" endtime="20200902 02:52:56.029"></status>
</kw>
<kw name="Wait Until Element Is Visible" library="SeleniumLibrary">
<doc>Waits until the element ``locator`` is visible.</doc>
<arguments>
<arg>${reg_passwordBox}</arg>
</arguments>
<status status="PASS" starttime="20200902 02:52:56.029" endtime="20200902 02:52:56.198"></status>
</kw>
<kw name="Input Text" library="SeleniumLibrary">
<doc>Types the given ``text`` into the text field identified by ``locator``.</doc>
<arguments>
<arg>${reg_passwordBox}</arg>
<arg>${password}</arg>
</arguments>
<msg timestamp="20200902 02:52:56.198" level="INFO">Typing text 'XDgqx808' into text field 'xpath://input[@id='Password']'.</msg>
<status status="PASS" starttime="20200902 02:52:56.198" endtime="20200902 02:52:56.524"></status>
</kw>
<status status="PASS" starttime="20200902 02:52:55.603" endtime="20200902 02:52:56.524"></status>
</kw>
<kw name="Confirm User Password" library="registerKeywords">
<arguments>
<arg>${password}</arg>
</arguments>
<kw name="Scroll Element Into View" library="SeleniumLibrary">
<doc>Scrolls the element identified by ``locator`` into view.</doc>
<arguments>
<arg>${reg_confirmPasswordBox}</arg>
</arguments>
<status status="PASS" starttime="20200902 02:52:56.524" endtime="20200902 02:52:56.931"></status>
</kw>
<kw name="Wait Until Element Is Visible" library="SeleniumLibrary">
<doc>Waits until the element ``locator`` is visible.</doc>
<arguments>
<arg>${reg_confirmPasswordBox}</arg>
</arguments>
<status status="PASS" starttime="20200902 02:52:56.931" endtime="20200902 02:52:57.100"></status>
</kw>
<kw name="Input Text" library="SeleniumLibrary">
<doc>Types the given ``text`` into the text field identified by ``locator``.</doc>
<arguments>
<arg>${reg_confirmPasswordBox}</arg>
<arg>${confirmPassword}</arg>
</arguments>
<msg timestamp="20200902 02:52:57.100" level="INFO">Typing text 'XDgqx808' into text field 'xpath://input[@id='ConfirmPassword']'.</msg>
<status status="PASS" starttime="20200902 02:52:57.100" endtime="20200902 02:52:57.509"></status>
</kw>
<status status="PASS" starttime="20200902 02:52:56.524" endtime="20200902 02:52:57.509"></status>
</kw>
<kw name="Click Register Button" library="registerKeywords">
<kw name="Scroll Element Into View" library="SeleniumLibrary">
<doc>Scrolls the element identified by ``locator`` into view.</doc>
<arguments>
<arg>${reg_regBtn}</arg>
</arguments>
<status status="PASS" starttime="20200902 02:52:57.509" endtime="20200902 02:52:57.924"></status>
</kw>
<kw name="Wait Until Element Is Visible" library="SeleniumLibrary">
<doc>Waits until the element ``locator`` is visible.</doc>
<arguments>
<arg>${reg_regBtn}</arg>
</arguments>
<status status="PASS" starttime="20200902 02:52:57.925" endtime="20200902 02:52:58.102"></status>
</kw>
<kw name="Click Element" library="SeleniumLibrary">
<doc>Click the element identified by ``locator``.</doc>
<arguments>
<arg>${reg_regBtn}</arg>
</arguments>
<msg timestamp="20200902 02:52:58.102" level="INFO">Clicking element 'xpath://input[@id='register-button']'.</msg>
<status status="PASS" starttime="20200902 02:52:58.102" endtime="20200902 02:53:01.204"></status>
</kw>
<status status="PASS" starttime="20200902 02:52:57.509" endtime="20200902 02:53:01.204"></status>
</kw>
<kw name="Verify Sucessful Registeration" library="registerKeywords">
<kw name="Wait Until Element Is Visible" library="SeleniumLibrary">
<doc>Waits until the element ``locator`` is visible.</doc>
<arguments>
<arg>${reg_success}</arg>
</arguments>
<status status="PASS" starttime="20200902 02:53:01.205" endtime="20200902 02:53:01.374"></status>
</kw>
<kw name="Page Should Contain Element" library="SeleniumLibrary">
<doc>Verifies that element ``locator`` is found on the current page.</doc>
<arguments>
<arg>${reg_success}</arg>
</arguments>
<msg timestamp="20200902 02:53:01.451" level="INFO">Current page contains element 'xpath://div[@class='result' and contains(text(),'Your registration completed')]'.</msg>
<status status="PASS" starttime="20200902 02:53:01.374" endtime="20200902 02:53:01.452"></status>
</kw>
<status status="PASS" starttime="20200902 02:53:01.205" endtime="20200902 02:53:01.453"></status>
</kw>
<status status="PASS" starttime="20200902 02:52:51.958" endtime="20200902 02:53:01.454"></status>
</kw>
<status status="PASS" starttime="20200902 02:52:51.942" endtime="20200902 02:53:01.455" critical="yes"></status>
</test>
<test id="s1-s1-t3" name="user enter valid Login data Test Case">
<kw name="Go To" library="SeleniumLibrary">
<doc>Navigates the current browser window to the provided ``url``.</doc>
<arguments>
<arg>https://demo.nopcommerce.com/login?returnUrl=%2F</arg>
</arguments>
<msg timestamp="20200902 02:53:01.460" level="INFO">Opening url 'https://demo.nopcommerce.com/login?returnUrl=%2F'</msg>
<status status="PASS" starttime="20200902 02:53:01.459" endtime="20200902 02:53:02.167"></status>
</kw>
<kw name="Fill Login Form Validly" library="loginKeywords">
<arguments>
<arg>${email}</arg>
<arg>${password}</arg>
</arguments>
<kw name="Enter UserName" library="loginKeywords">
<arguments>
<arg>${email_data}</arg>
</arguments>
<kw name="Input Text" library="SeleniumLibrary">
<doc>Types the given ``text`` into the text field identified by ``locator``.</doc>
<arguments>
<arg>${log_email}</arg>
<arg>${email_data}</arg>
</arguments>
<msg timestamp="20200902 02:53:02.169" level="INFO">Typing text 'edbwh.jogss20@testDomain.ext' into text field 'xpath://input[@id='Email']'.</msg>
<status status="PASS" starttime="20200902 02:53:02.169" endtime="20200902 02:53:02.577"></status>
</kw>
<status status="PASS" starttime="20200902 02:53:02.168" endtime="20200902 02:53:02.577"></status>
</kw>
<kw name="Enter Password" library="loginKeywords">
<arguments>
<arg>${password_data}</arg>
</arguments>
<kw name="Input Text" library="SeleniumLibrary">
<doc>Types the given ``text`` into the text field identified by ``locator``.</doc>
<arguments>
<arg>${log_passwordBox}</arg>
<arg>${password_data}</arg>
</arguments>
<msg timestamp="20200902 02:53:02.578" level="INFO">Typing text 'XDgqx808' into text field 'xpath://input[@id='Password']'.</msg>
<status status="PASS" starttime="20200902 02:53:02.578" endtime="20200902 02:53:02.931"></status>
</kw>
<status status="PASS" starttime="20200902 02:53:02.577" endtime="20200902 02:53:02.931"></status>
</kw>
<kw name="Click Login Button" library="loginKeywords">
<kw name="Click Element" library="SeleniumLibrary">
<doc>Click the element identified by ``locator``.</doc>
<arguments>
<arg>${log_loginBtn}</arg>
</arguments>
<msg timestamp="20200902 02:53:02.931" level="INFO">Clicking element 'xpath://input[@class='button-1 login-button']'.</msg>
<status status="PASS" starttime="20200902 02:53:02.931" endtime="20200902 02:53:06.203"></status>
</kw>
<status status="PASS" starttime="20200902 02:53:02.931" endtime="20200902 02:53:06.205"></status>
</kw>
<status status="PASS" starttime="20200902 02:53:02.167" endtime="20200902 02:53:06.205"></status>
</kw>
<status status="PASS" starttime="20200902 02:53:01.457" endtime="20200902 02:53:06.206" critical="yes"></status>
</test>
<kw name="Exit These Tests" type="teardown">
<kw name="Close Browser" library="SeleniumLibrary">
<doc>Closes the current browser.</doc>
<status status="PASS" starttime="20200902 02:53:06.207" endtime="20200902 02:53:08.370"></status>
</kw>
<status status="PASS" starttime="20200902 02:53:06.207" endtime="20200902 02:53:08.370"></status>
</kw>
<doc>Suite description</doc>
<status status="PASS" starttime="20200902 02:52:35.744" endtime="20200902 02:53:08.370"></status>
</suite>
<status status="PASS" starttime="20200902 02:52:35.666" endtime="20200902 02:53:08.370"></status>
</suite>
<statistics>
<total>
<stat pass="3" fail="0">Critical Tests</stat>
<stat pass="3" fail="0">All Tests</stat>
</total>
<tag>
</tag>
<suite>
<stat pass="3" fail="0" id="s1" name="Suites">Suites</stat>
<stat pass="3" fail="0" id="s1-s1" name="A registerTestCases">Suites.A registerTestCases</stat>
</suite>
</statistics>
<errors>
</errors>
</robot>
